<?xml version="1.0" encoding="UTF-8"?>
<!-- Generated by org.testng.reporters.JUnitReportReporter -->
<testsuite hostname="DESKTOP-5QFQ05M" failures="0" tests="2" name="ParallelTest" time="50.609" errors="0" timestamp="2022-05-18T09:40:46 CST" skipped="0">
  <testcase classname="ParallelTest" name="FirefoxTest" time="25.275"/>
  <system-out/>
  <testcase classname="ParallelTest" name="ChromeTest" time="25.334"/>
  <system-out/>
</testsuite> <!-- ParallelTest -->
